(10:58:04) [INFO] logging in using static token
(10:58:05) [INFO] Shard ID None has sent the IDENTIFY payload.
(10:58:05) [INFO] Shard ID None has connected to Gateway: ["gateway-prd-main-v5gm",{"micros":155140,"calls":["discord-sessions-green-prd-2-99",{"micros":152479,"calls":["start_session",{"micros":119577,"calls":["discord-api-d887bb4d9-qzxhv",{"micros":112005,"calls":["get_user",{"micros":24750},"add_authorized_ip",{"micros":16145},"get_guilds",{"micros":17599},"coros_wait",{"micros":2}]}]},"guilds_connect",{"micros":1,"calls":[]},"presence_connect",{"micros":32163,"calls":[]}]}]}] (Session ID: 143731a9c79602c4c4ed6c6190c416a3).
(10:58:07) [INFO] Succesfully logged in as pekofybot_test#0984!
(10:58:26) [INFO] Received signal to terminate bot and event loop.
(10:58:26) [INFO] Cleaning up tasks.
(10:58:26) [INFO] Cleaning up after 2 tasks.
(10:58:26) [INFO] All tasks finished cancelling.
(10:58:26) [INFO] Closing the event loop.
(10:58:26) [INFO] Shutting down...

(11:00:22) [INFO] logging in using static token
(11:00:22) [INFO] Shard ID None has sent the IDENTIFY payload.
(11:00:23) [INFO] Shard ID None has connected to Gateway: ["gateway-prd-main-v7dh",{"micros":83565,"calls":["discord-sessions-green-prd-2-124",{"micros":81661,"calls":["start_session",{"micros":49646,"calls":["discord-api-d887bb4d9-cglqk",{"micros":43045,"calls":["get_user",{"micros":8917},"add_authorized_ip",{"micros":3134},"get_guilds",{"micros":6117},"coros_wait",{"micros":2}]}]},"guilds_connect",{"micros":2,"calls":[]},"presence_connect",{"micros":20306,"calls":[]}]}]}] (Session ID: bae207c4cce8e9696c1d6859de6c58e0).
(11:00:25) [INFO] Succesfully logged in as pekofybot_test#0984!
(11:05:18) [INFO] Received signal to terminate bot and event loop.
(11:05:18) [INFO] Cleaning up tasks.
(11:05:18) [INFO] Cleaning up after 2 tasks.
(11:05:18) [INFO] All tasks finished cancelling.
(11:05:18) [INFO] Closing the event loop.
(11:05:18) [INFO] Shutting down...

(09:58:56) [INFO] logging in using static token
(09:58:57) [INFO] Shard ID None has sent the IDENTIFY payload.
(09:58:57) [INFO] Shard ID None has connected to Gateway: ["gateway-prd-main-2b61",{"micros":145264,"calls":["discord-sessions-green-prd-2-95",{"micros":144260,"calls":["start_session",{"micros":83405,"calls":["discord-api-86749dd846-6krfk",{"micros":78906,"calls":["get_user",{"micros":23228},"add_authorized_ip",{"micros":4317},"get_guilds",{"micros":7564},"coros_wait",{"micros":3}]}]},"guilds_connect",{"micros":2,"calls":[]},"presence_connect",{"micros":34126,"calls":[]}]}]}] (Session ID: 5596375fe5bf51f370d5e2b2229efee3).
(09:58:59) [INFO] Succesfully logged in as pekofybot_test#0984!
(10:00:46) [INFO] Received signal to terminate bot and event loop.
(10:00:46) [INFO] Cleaning up tasks.
(10:00:46) [INFO] Cleaning up after 2 tasks.
(10:00:46) [INFO] All tasks finished cancelling.
(10:00:46) [INFO] Closing the event loop.
(10:00:46) [INFO] Shutting down...

(10:02:45) [INFO] logging in using static token
(10:02:46) [INFO] Shard ID None has sent the IDENTIFY payload.
(10:02:46) [INFO] Shard ID None has connected to Gateway: ["gateway-prd-main-kdgf",{"micros":72853,"calls":["discord-sessions-green-prd-2-128",{"micros":70500,"calls":["start_session",{"micros":50981,"calls":["discord-api-86749dd846-2lbj4",{"micros":45040,"calls":["get_user",{"micros":8659},"add_authorized_ip",{"micros":3260},"get_guilds",{"micros":4849},"coros_wait",{"micros":2}]}]},"guilds_connect",{"micros":2,"calls":[]},"presence_connect",{"micros":1,"calls":[]}]}]}] (Session ID: 3bdfe5a92f8af36a8102ff31c9008cee).
(10:02:48) [INFO] Succesfully logged in as pekofybot_test#0984!
(10:03:52) [INFO] Received signal to terminate bot and event loop.
(10:03:52) [INFO] Cleaning up tasks.
(10:03:52) [INFO] Cleaning up after 2 tasks.
(10:03:52) [INFO] All tasks finished cancelling.
(10:03:52) [INFO] Closing the event loop.
(10:03:52) [INFO] Shutting down...

(10:07:02) [INFO] logging in using static token
(10:07:02) [INFO] Shard ID None has sent the IDENTIFY payload.
(10:07:03) [INFO] Shard ID None has connected to Gateway: ["gateway-prd-main-tk4p",{"micros":95319,"calls":["discord-sessions-green-prd-2-60",{"micros":94333,"calls":["start_session",{"micros":40824,"calls":["discord-api-86749dd846-ftrc4",{"micros":36418,"calls":["get_user",{"micros":9992},"add_authorized_ip",{"micros":1603},"get_guilds",{"micros":4513},"coros_wait",{"micros":2}]}]},"guilds_connect",{"micros":2,"calls":[]},"presence_connect",{"micros":23587,"calls":[]}]}]}] (Session ID: 844a3431bc969bb9bb2ba6d68ffd02df).
(10:07:05) [INFO] Succesfully logged in as pekofybot_test#0984!
(10:08:03) [INFO] Received signal to terminate bot and event loop.
(10:08:03) [INFO] Cleaning up tasks.
(10:08:03) [INFO] Cleaning up after 2 tasks.
(10:08:03) [INFO] All tasks finished cancelling.
(10:08:03) [INFO] Closing the event loop.
(10:08:03) [INFO] Shutting down...

(10:13:23) [INFO] logging in using static token
(10:13:23) [INFO] Shard ID None has sent the IDENTIFY payload.
(10:13:24) [INFO] Shard ID None has connected to Gateway: ["gateway-prd-main-7wdd",{"micros":88484,"calls":["discord-sessions-green-prd-2-5",{"micros":87362,"calls":["start_session",{"micros":73899,"calls":["discord-api-86749dd846-6mrcp",{"micros":64181,"calls":["get_user",{"micros":15574},"add_authorized_ip",{"micros":1400},"get_guilds",{"micros":3371},"coros_wait",{"micros":1}]}]},"guilds_connect",{"micros":2,"calls":[]},"presence_connect",{"micros":2014,"calls":[]}]}]}] (Session ID: ac913aed1a65f873dddebe386ce1c842).
(10:13:26) [INFO] Succesfully logged in as pekofybot_test#0984!
(10:13:52) [INFO] Received signal to terminate bot and event loop.
(10:13:52) [INFO] Cleaning up tasks.
(10:13:52) [INFO] Cleaning up after 2 tasks.
(10:13:52) [INFO] All tasks finished cancelling.
(10:13:52) [INFO] Closing the event loop.
(10:13:52) [INFO] Shutting down...

(10:30:22) [INFO] logging in using static token
(10:30:23) [INFO] Shard ID None has sent the IDENTIFY payload.
(10:30:23) [INFO] Shard ID None has connected to Gateway: ["gateway-prd-main-v9fk",{"micros":45315,"calls":["discord-sessions-green-prd-2-70",{"micros":44096,"calls":["start_session",{"micros":39413,"calls":["discord-api-86749dd846-r67tm",{"micros":35974,"calls":["get_user",{"micros":6936},"add_authorized_ip",{"micros":2115},"get_guilds",{"micros":3887},"coros_wait",{"micros":1}]}]},"guilds_connect",{"micros":2,"calls":[]},"presence_connect",{"micros":3848,"calls":[]}]}]}] (Session ID: c2166322313e98e7667ab7c77a935b72).
(10:30:25) [INFO] Succesfully logged in as pekofybot_test#0984!
(10:30:41) [INFO] Received signal to terminate bot and event loop.
(10:30:41) [INFO] Cleaning up tasks.
(10:30:41) [INFO] Cleaning up after 2 tasks.
(10:30:41) [INFO] All tasks finished cancelling.
(10:30:41) [INFO] Closing the event loop.
(10:30:41) [INFO] Shutting down...

(10:32:44) [INFO] logging in using static token
(10:32:44) [INFO] Shard ID None has sent the IDENTIFY payload.
(10:32:45) [INFO] Shard ID None has connected to Gateway: ["gateway-prd-main-hf45",{"micros":129017,"calls":["discord-sessions-green-prd-2-131",{"micros":125613,"calls":["start_session",{"micros":110047,"calls":["discord-api-86749dd846-jmvdw",{"micros":104799,"calls":["get_user",{"micros":19303},"add_authorized_ip",{"micros":7109},"get_guilds",{"micros":4287},"coros_wait",{"micros":2}]}]},"guilds_connect",{"micros":1,"calls":[]},"presence_connect",{"micros":14969,"calls":[]}]}]}] (Session ID: 86f2f81ed673d15db285b5912c258d43).
(10:32:47) [INFO] Succesfully logged in as pekofybot_test#0984!
(10:32:56) [INFO] Received signal to terminate bot and event loop.
(10:32:56) [INFO] Cleaning up tasks.
(10:32:56) [INFO] Cleaning up after 2 tasks.
(10:32:56) [INFO] All tasks finished cancelling.
(10:32:56) [INFO] Closing the event loop.
(10:32:56) [INFO] Shutting down...

(11:15:15) [INFO] logging in using static token
(11:15:15) [INFO] Shard ID None has sent the IDENTIFY payload.
(11:15:16) [INFO] Shard ID None has connected to Gateway: ["gateway-prd-main-6qb5",{"micros":152294,"calls":["discord-sessions-green-prd-2-153",{"micros":140872,"calls":["start_session",{"micros":80852,"calls":["discord-api-858986458f-fpjtm",{"micros":69183,"calls":["get_user",{"micros":12691},"add_authorized_ip",{"micros":4088},"get_guilds",{"micros":8228},"coros_wait",{"micros":1}]}]},"guilds_connect",{"micros":2,"calls":[]},"presence_connect",{"micros":30727,"calls":[]}]}]}] (Session ID: 5d7c580fa9fc5814ae23e71e4db70f8b).
(11:15:18) [INFO] Succesfully logged in as pekofybot_test#0984!
(11:16:05) [INFO] Received signal to terminate bot and event loop.
(11:16:05) [INFO] Cleaning up tasks.
(11:16:05) [INFO] Cleaning up after 2 tasks.
(11:16:05) [INFO] All tasks finished cancelling.
(11:16:05) [INFO] Closing the event loop.
(11:16:05) [INFO] Shutting down...

(11:29:57) [INFO] logging in using static token
(11:29:58) [INFO] Shard ID None has sent the IDENTIFY payload.
(11:29:58) [INFO] Shard ID None has connected to Gateway: ["gateway-prd-main-dw3z",{"micros":130287,"calls":["discord-sessions-green-prd-2-47",{"micros":128740,"calls":["start_session",{"micros":46979,"calls":["discord-api-858986458f-84bj4",{"micros":40698,"calls":["get_user",{"micros":10671},"add_authorized_ip",{"micros":1776},"get_guilds",{"micros":5906},"coros_wait",{"micros":2}]}]},"guilds_connect",{"micros":1,"calls":[]},"presence_connect",{"micros":58927,"calls":[]}]}]}] (Session ID: b4f5ef52cdffdc311818e8ada9a4c16b).
(11:30:00) [INFO] Succesfully logged in as pekofybot_test#0984!
(11:30:08) [INFO] Received signal to terminate bot and event loop.
(11:30:08) [INFO] Cleaning up tasks.
(11:30:08) [INFO] Cleaning up after 2 tasks.
(11:30:08) [INFO] All tasks finished cancelling.
(11:30:08) [INFO] Closing the event loop.
(11:30:08) [INFO] Shutting down...

(11:55:52) [INFO] logging in using static token
(11:55:53) [INFO] Shard ID None has sent the IDENTIFY payload.
(11:55:53) [INFO] Shard ID None has connected to Gateway: ["gateway-prd-main-xjpg",{"micros":113581,"calls":["discord-sessions-green-prd-2-52",{"micros":112672,"calls":["start_session",{"micros":51851,"calls":["discord-api-858986458f-kncj7",{"micros":45775,"calls":["get_user",{"micros":8656},"add_authorized_ip",{"micros":1420},"get_guilds",{"micros":5948},"coros_wait",{"micros":2}]}]},"guilds_connect",{"micros":1,"calls":[]},"presence_connect",{"micros":40886,"calls":[]}]}]}] (Session ID: b462c4c241156ae94dfb3d8d93f57e8b).
(11:55:55) [INFO] Succesfully logged in as pekofybot_test#0984!
(11:57:38) [INFO] Received signal to terminate bot and event loop.
(11:57:38) [INFO] Cleaning up tasks.
(11:57:38) [INFO] Cleaning up after 2 tasks.
(11:57:38) [INFO] All tasks finished cancelling.
(11:57:38) [INFO] Closing the event loop.
(11:57:38) [INFO] Shutting down...

(12:04:40) [INFO] logging in using static token
(12:04:41) [INFO] Shard ID None has sent the IDENTIFY payload.
(12:04:41) [INFO] Shard ID None has connected to Gateway: ["gateway-prd-main-061f",{"micros":64149,"calls":["discord-sessions-green-prd-2-107",{"micros":62514,"calls":["start_session",{"micros":37325,"calls":["discord-api-858986458f-d2d5t",{"micros":33318,"calls":["get_user",{"micros":9869},"add_authorized_ip",{"micros":2121},"get_guilds",{"micros":3463},"coros_wait",{"micros":0}]}]},"guilds_connect",{"micros":1,"calls":[]},"presence_connect",{"micros":1,"calls":[]}]}]}] (Session ID: fcee44c314f66c460193e325b7d83d7b).
(12:04:43) [INFO] Succesfully logged in as pekofybot_test#0984!
